<?xml version="1.0" encoding="UTF-8"?>
<!-- Generated by org.testng.reporters.JUnitReportReporter -->
<testsuite hostname="LAPTOP-IC6243OL" failures="0" tests="3" name="CaisseDeconnectee.Backend.Test.SpringTestNGTest" time="32.610" errors="0" timestamp="2022-10-25T19:10:53 WAT" skipped="0">
  <testcase classname="CaisseDeconnectee.Backend.Test.SpringTestNGTest" name="testLogin" time="9.449"/>
  <system-out/>
  <testcase classname="CaisseDeconnectee.Backend.Test.SpringTestNGTest" name="testpayer" time="11.053"/>
  <system-out/>
  <testcase classname="CaisseDeconnectee.Backend.Test.SpringTestNGTest" name="testfact" time="12.108"/>
  <system-out/>
</testsuite> <!-- CaisseDeconnectee.Backend.Test.SpringTestNGTest -->
