<?xml version="1.0" encoding="UTF-8"?>
<!-- Generated by org.testng.reporters.JUnitReportReporter -->
<testsuite hostname="LAPTOP-IC6243OL" failures="0" tests="2" name="CaisseDeconnectee.Backend.Test.SpringTestNGTest" time="19.514" errors="0" timestamp="2022-10-25T15:00:48 WAT" skipped="0">
  <testcase classname="CaisseDeconnectee.Backend.Test.SpringTestNGTest" name="testfact" time="10.235"/>
  <system-out/>
  <testcase classname="CaisseDeconnectee.Backend.Test.SpringTestNGTest" name="testLogin" time="9.279"/>
  <system-out/>
</testsuite> <!-- CaisseDeconnectee.Backend.Test.SpringTestNGTest -->
